<?xml version="1.0" encoding="UTF-8"?>
<!-- Generated by org.testng.reporters.JUnitXMLReporter -->
<testsuite ignored="0" hostname="Sony-PC" failures="1" tests="2" name="Test" time="0.072" errors="0" timestamp="2022-05-05T16:22:03 IST">
  <testcase classname="com.para.Demo2" name="checkLogin" time="0.007"/>
  <testcase classname="com.para.Demo2" name="vaidateMethod" time="0.007">
    <failure type="java.lang.AssertionError" message="expected [Admin] but found [admin]">
      <![CDATA[java.lang.AssertionError: expected [Admin] but found [admin]
at com.para.Demo2.vaidateMethod(Demo2.java:24)
at java.base/java.util.ArrayList.forEach(ArrayList.java:1511)
... Removed 33 stack frames]]>
    </failure>
  </testcase> <!-- vaidateMethod -->
</testsuite> <!-- Test -->
